app/build/intermediates/manifest_merge_blame_file/nonplayDebug/processNonplayDebugMainManifest/manifest-merger-blame-nonplay-debug-report.txt
1<?xml version="1.0" encoding="utf-8"?>
2<manifest xmlns:android="http://schemas.android.com/apk/res/android"
3    package="com.ghostpin.app.nonplay"
4    android:versionCode="1"
5    android:versionName="3.0.0" >
6
7    <uses-sdk
8        android:minSdkVersion="26"
9        android:targetSdkVersion="35" />
10
11    <!-- Location permissions -->
12    <uses-permission android:name="android.permission.ACCESS_FINE_LOCATION" />
12-->src\main\AndroidManifest.xml:5:5-79
12-->src\main\AndroidManifest.xml:5:22-76
13    <uses-permission android:name="android.permission.ACCESS_COARSE_LOCATION" />
13-->src\main\AndroidManifest.xml:6:5-81
13-->src\main\AndroidManifest.xml:6:22-78
14    <uses-permission android:name="android.permission.ACCESS_MOCK_LOCATION" />
14-->src\main\AndroidManifest.xml:7:5-9:58
14-->src\main\AndroidManifest.xml:7:22-76
15
16    <!-- Foreground service -->
17    <uses-permission android:name="android.permission.FOREGROUND_SERVICE" />
17-->src\main\AndroidManifest.xml:12:5-77
17-->src\main\AndroidManifest.xml:12:22-74
18    <uses-permission android:name="android.permission.FOREGROUND_SERVICE_LOCATION" />
18-->src\main\AndroidManifest.xml:13:5-86
18-->src\main\AndroidManifest.xml:13:22-83
19    <uses-permission android:name="android.permission.POST_NOTIFICATIONS" />
19-->src\main\AndroidManifest.xml:14:5-77
19-->src\main\AndroidManifest.xml:14:22-74
20    <!-- OpenGL ES 3.0 required -->
21    <uses-feature
21-->[org.maplibre.gl:android-sdk:11.8.4] AndroidManifest.xml:7:5-9:35
22        android:glEsVersion="0x00030000"
22-->[org.maplibre.gl:android-sdk:11.8.4] AndroidManifest.xml:8:9-41
23        android:required="true" />
23-->[org.maplibre.gl:android-sdk:11.8.4] AndroidManifest.xml:9:9-32
24    <uses-feature
24-->[org.maplibre.gl:android-sdk:11.8.4] AndroidManifest.xml:10:5-12:36
25        android:name="android.hardware.wifi"
25-->[org.maplibre.gl:android-sdk:11.8.4] AndroidManifest.xml:11:9-45
26        android:required="false" /> <!-- Implied by ACCESS_WIFI_STATE. -->
26-->[org.maplibre.gl:android-sdk:11.8.4] AndroidManifest.xml:12:9-33
27    <uses-permission android:name="android.permission.INTERNET" />
27-->[org.maplibre.gl:android-sdk:11.8.4] AndroidManifest.xml:13:5-67
27-->[org.maplibre.gl:android-sdk:11.8.4] AndroidManifest.xml:13:22-64
28    <uses-permission android:name="android.permission.ACCESS_NETWORK_STATE" />
28-->[org.maplibre.gl:android-sdk:11.8.4] AndroidManifest.xml:14:5-79
28-->[org.maplibre.gl:android-sdk:11.8.4] AndroidManifest.xml:14:22-76
29    <uses-permission android:name="android.permission.ACCESS_WIFI_STATE" />
29-->[org.maplibre.gl:android-sdk:11.8.4] AndroidManifest.xml:15:5-76
29-->[org.maplibre.gl:android-sdk:11.8.4] AndroidManifest.xml:15:22-73
30
31    <permission
31-->[androidx.core:core:1.15.0] AndroidManifest.xml:22:5-24:47
32        android:name="com.ghostpin.app.nonplay.DYNAMIC_RECEIVER_NOT_EXPORTED_PERMISSION"
32-->[androidx.core:core:1.15.0] AndroidManifest.xml:23:9-81
33        android:protectionLevel="signature" />
33-->[androidx.core:core:1.15.0] AndroidManifest.xml:24:9-44
34
35    <uses-permission android:name="com.ghostpin.app.nonplay.DYNAMIC_RECEIVER_NOT_EXPORTED_PERMISSION" />
35-->[androidx.core:core:1.15.0] AndroidManifest.xml:26:5-97
35-->[androidx.core:core:1.15.0] AndroidManifest.xml:26:22-94
36
37    <application
37-->src\main\AndroidManifest.xml:16:5-39:19
38        android:name="com.ghostpin.app.GhostPinApp"
38-->src\main\AndroidManifest.xml:17:9-36
39        android:allowBackup="false"
39-->src\main\AndroidManifest.xml:18:9-36
40        android:appComponentFactory="androidx.core.app.CoreComponentFactory"
40-->[androidx.core:core:1.15.0] AndroidManifest.xml:28:18-86
41        android:debuggable="true"
42        android:extractNativeLibs="false"
43        android:icon="@android:drawable/ic_menu_mylocation"
43-->src\main\AndroidManifest.xml:19:9-60
44        android:label="@string/app_name"
44-->src\main\AndroidManifest.xml:20:9-41
45        android:supportsRtl="true"
45-->src\main\AndroidManifest.xml:21:9-35
46        android:theme="@style/Theme.GhostPin" >
46-->src\main\AndroidManifest.xml:22:9-46
47        <activity
47-->src\main\AndroidManifest.xml:24:9-32:20
48            android:name="com.ghostpin.app.ui.MainActivity"
48-->src\main\AndroidManifest.xml:25:13-44
49            android:exported="true"
49-->src\main\AndroidManifest.xml:26:13-36
50            android:theme="@style/Theme.GhostPin" >
50-->src\main\AndroidManifest.xml:27:13-50
51            <intent-filter>
51-->src\main\AndroidManifest.xml:28:13-31:29
52                <action android:name="android.intent.action.MAIN" />
52-->src\main\AndroidManifest.xml:29:17-69
52-->src\main\AndroidManifest.xml:29:25-66
53
54                <category android:name="android.intent.category.LAUNCHER" />
54-->src\main\AndroidManifest.xml:30:17-77
54-->src\main\AndroidManifest.xml:30:27-74
55            </intent-filter>
56        </activity>
57
58        <service
58-->src\main\AndroidManifest.xml:34:9-37:56
59            android:name="com.ghostpin.app.service.SimulationService"
59-->src\main\AndroidManifest.xml:35:13-54
60            android:exported="false"
60-->src\main\AndroidManifest.xml:36:13-37
61            android:foregroundServiceType="location" />
61-->src\main\AndroidManifest.xml:37:13-53
62
63        <activity
63-->[androidx.compose.ui:ui-tooling-android:1.7.6] AndroidManifest.xml:23:9-25:39
64            android:name="androidx.compose.ui.tooling.PreviewActivity"
64-->[androidx.compose.ui:ui-tooling-android:1.7.6] AndroidManifest.xml:24:13-71
65            android:exported="true" />
65-->[androidx.compose.ui:ui-tooling-android:1.7.6] AndroidManifest.xml:25:13-36
66
67        <provider
67-->[androidx.emoji2:emoji2:1.3.0] AndroidManifest.xml:24:9-32:20
68            android:name="androidx.startup.InitializationProvider"
68-->[androidx.emoji2:emoji2:1.3.0] AndroidManifest.xml:25:13-67
69            android:authorities="com.ghostpin.app.nonplay.androidx-startup"
69-->[androidx.emoji2:emoji2:1.3.0] AndroidManifest.xml:26:13-68
70            android:exported="false" >
70-->[androidx.emoji2:emoji2:1.3.0] AndroidManifest.xml:27:13-37
71            <meta-data
71-->[androidx.emoji2:emoji2:1.3.0] AndroidManifest.xml:29:13-31:52
72                android:name="androidx.emoji2.text.EmojiCompatInitializer"
72-->[androidx.emoji2:emoji2:1.3.0] AndroidManifest.xml:30:17-75
73                android:value="androidx.startup" />
73-->[androidx.emoji2:emoji2:1.3.0] AndroidManifest.xml:31:17-49
74            <meta-data
74-->[androidx.lifecycle:lifecycle-process:2.8.7] AndroidManifest.xml:29:13-31:52
75                android:name="androidx.lifecycle.ProcessLifecycleInitializer"
75-->[androidx.lifecycle:lifecycle-process:2.8.7] AndroidManifest.xml:30:17-78
76                android:value="androidx.startup" />
76-->[androidx.lifecycle:lifecycle-process:2.8.7] AndroidManifest.xml:31:17-49
77            <meta-data
77-->[androidx.profileinstaller:profileinstaller:1.3.1] AndroidManifest.xml:29:13-31:52
78                android:name="androidx.profileinstaller.ProfileInstallerInitializer"
78-->[androidx.profileinstaller:profileinstaller:1.3.1] AndroidManifest.xml:30:17-85
79                android:value="androidx.startup" />
79-->[androidx.profileinstaller:profileinstaller:1.3.1] AndroidManifest.xml:31:17-49
80        </provider>
81
82        <receiver
82-->[androidx.profileinstaller:profileinstaller:1.3.1] AndroidManifest.xml:34:9-52:20
83            android:name="androidx.profileinstaller.ProfileInstallReceiver"
83-->[androidx.profileinstaller:profileinstaller:1.3.1] AndroidManifest.xml:35:13-76
84            android:directBootAware="false"
84-->[androidx.profileinstaller:profileinstaller:1.3.1] AndroidManifest.xml:36:13-44
85            android:enabled="true"
85-->[androidx.profileinstaller:profileinstaller:1.3.1] AndroidManifest.xml:37:13-35
86            android:exported="true"
86-->[androidx.profileinstaller:profileinstaller:1.3.1] AndroidManifest.xml:38:13-36
87            android:permission="android.permission.DUMP" >
87-->[androidx.profileinstaller:profileinstaller:1.3.1] AndroidManifest.xml:39:13-57
88            <intent-filter>
88-->[androidx.profileinstaller:profileinstaller:1.3.1] AndroidManifest.xml:40:13-42:29
89                <action android:name="androidx.profileinstaller.action.INSTALL_PROFILE" />
89-->[androidx.profileinstaller:profileinstaller:1.3.1] AndroidManifest.xml:41:17-91
89-->[androidx.profileinstaller:profileinstaller:1.3.1] AndroidManifest.xml:41:25-88
90            </intent-filter>
91            <intent-filter>
91-->[androidx.profileinstaller:profileinstaller:1.3.1] AndroidManifest.xml:43:13-45:29
92                <action android:name="androidx.profileinstaller.action.SKIP_FILE" />
92-->[androidx.profileinstaller:profileinstaller:1.3.1] AndroidManifest.xml:44:17-85
92-->[androidx.profileinstaller:profileinstaller:1.3.1] AndroidManifest.xml:44:25-82
93            </intent-filter>
94            <intent-filter>
94-->[androidx.profileinstaller:profileinstaller:1.3.1] AndroidManifest.xml:46:13-48:29
95                <action android:name="androidx.profileinstaller.action.SAVE_PROFILE" />
95-->[androidx.profileinstaller:profileinstaller:1.3.1] AndroidManifest.xml:47:17-88
95-->[androidx.profileinstaller:profileinstaller:1.3.1] AndroidManifest.xml:47:25-85
96            </intent-filter>
97            <intent-filter>
97-->[androidx.profileinstaller:profileinstaller:1.3.1] AndroidManifest.xml:49:13-51:29
98                <action android:name="androidx.profileinstaller.action.BENCHMARK_OPERATION" />
98-->[androidx.profileinstaller:profileinstaller:1.3.1] AndroidManifest.xml:50:17-95
98-->[androidx.profileinstaller:profileinstaller:1.3.1] AndroidManifest.xml:50:25-92
99            </intent-filter>
100        </receiver>
101    </application>
102
103</manifest>